<?xml version="1.0" encoding="UTF-8"?>
<testsuite name="TestSuite" time="0.635" tests="34" errors="0" skipped="0" failures="0">
  <properties>
    <property name="java.runtime.name" value="Java(TM) SE Runtime Environment"/>
    <property name="sun.boot.library.path" value="C:\Program Files\Java\jdk1.8.0_101\jre\bin"/>
    <property name="java.vm.version" value="25.101-b13"/>
    <property name="java.vm.vendor" value="Oracle Corporation"/>
    <property name="maven.multiModuleProjectDirectory" value="C:\Users\Sunil Laxmana\workspace\Calculator-Laxmana-Jasmi"/>
    <property name="java.vendor.url" value="http://java.oracle.com/"/>
    <property name="path.separator" value=";"/>
    <property name="guice.disable.misplaced.annotation.check" value="true"/>
    <property name="java.vm.name" value="Java HotSpot(TM) 64-Bit Server VM"/>
    <property name="file.encoding.pkg" value="sun.io"/>
    <property name="user.script" value=""/>
    <property name="user.country" value="US"/>
    <property name="sun.java.launcher" value="SUN_STANDARD"/>
    <property name="sun.os.patch.level" value=""/>
    <property name="java.vm.specification.name" value="Java Virtual Machine Specification"/>
    <property name="user.dir" value="C:\Users\Sunil Laxmana\workspace\Calculator-Laxmana-Jasmi"/>
    <property name="java.runtime.version" value="1.8.0_101-b13"/>
    <property name="java.awt.graphicsenv" value="sun.awt.Win32GraphicsEnvironment"/>
    <property name="java.endorsed.dirs" value="C:\Program Files\Java\jdk1.8.0_101\jre\lib\endorsed"/>
    <property name="os.arch" value="amd64"/>
    <property name="java.io.tmpdir" value="C:\Users\SUNILL~1\AppData\Local\Temp\"/>
    <property name="line.separator" value="&#10;"/>
    <property name="java.vm.specification.vendor" value="Oracle Corporation"/>
    <property name="user.variant" value=""/>
    <property name="os.name" value="Windows 10"/>
    <property name="classworlds.conf" value="C:\Users\Sunil Laxmana\workspace\.metadata\.plugins\org.eclipse.m2e.launching\launches\m2conf4009479847768027615.tmp"/>
    <property name="sun.jnu.encoding" value="Cp1252"/>
    <property name="java.library.path" value="C:\Program Files\Java\jdk1.8.0_101\bin;C:\WINDOWS\Sun\Java\bin;C:\WINDOWS\system32;C:\WINDOWS;C:/Program Files/Java/jdk1.8.0_101/bin/../jre/bin/server;C:/Program Files/Java/jdk1.8.0_101/bin/../jre/bin;C:/Program Files/Java/jdk1.8.0_101/bin/../jre/lib/amd64;C:\Program Files\Maven\bin;C:\Program Files (x86)\Lenovo\FusionEngine;C:\WINDOWS\system32;C:\WINDOWS;C:\WINDOWS\System32\Wbem;C:\WINDOWS\System32\WindowsPowerShell\v1.0\;C:\Program Files (x86)\Skype\Phone\;C:\Program Files\Samsung\AllShare Framework DMS\1.3.23\;C:\Program Files\Samsung\AllShare Framework DMS\1.3.23\64bit\;C:\WINDOWS\system32\config\systemprofile\.dnx\bin;C:\Program Files\Microsoft DNX\Dnvm\;C:\Program Files\Microsoft SQL Server\130\Tools\Binn\;C:\Program Files\Git\cmd;C:\Program Files\Java\jdk1.8.0_101\bin;%USERPROFILE%\AppData\Local\Microsoft\WindowsApps;;D:\eclipse-java-mars-R-win32-x86_64\eclipse;;."/>
    <property name="java.specification.name" value="Java Platform API Specification"/>
    <property name="java.class.version" value="52.0"/>
    <property name="sun.management.compiler" value="HotSpot 64-Bit Tiered Compilers"/>
    <property name="os.version" value="10.0"/>
    <property name="user.home" value="C:\Users\Sunil Laxmana"/>
    <property name="user.timezone" value="Europe/Berlin"/>
    <property name="java.awt.printerjob" value="sun.awt.windows.WPrinterJob"/>
    <property name="java.specification.version" value="1.8"/>
    <property name="file.encoding" value="Cp1252"/>
    <property name="user.name" value="Sunil Laxmana"/>
    <property name="java.class.path" value="C:\Program Files\Maven\boot\plexus-classworlds-2.5.2.jar"/>
    <property name="java.vm.specification.version" value="1.8"/>
    <property name="sun.arch.data.model" value="64"/>
    <property name="java.home" value="C:\Program Files\Java\jdk1.8.0_101\jre"/>
    <property name="sun.java.command" value="org.codehaus.plexus.classworlds.launcher.Launcher -B install"/>
    <property name="java.specification.vendor" value="Oracle Corporation"/>
    <property name="user.language" value="en"/>
    <property name="awt.toolkit" value="sun.awt.windows.WToolkit"/>
    <property name="java.vm.info" value="mixed mode"/>
    <property name="java.version" value="1.8.0_101"/>
    <property name="java.ext.dirs" value="C:\Program Files\Java\jdk1.8.0_101\jre\lib\ext;C:\WINDOWS\Sun\Java\lib\ext"/>
    <property name="sun.boot.class.path" value="C:\Program Files\Java\jdk1.8.0_101\jre\lib\resources.jar;C:\Program Files\Java\jdk1.8.0_101\jre\lib\rt.jar;C:\Program Files\Java\jdk1.8.0_101\jre\lib\sunrsasign.jar;C:\Program Files\Java\jdk1.8.0_101\jre\lib\jsse.jar;C:\Program Files\Java\jdk1.8.0_101\jre\lib\jce.jar;C:\Program Files\Java\jdk1.8.0_101\jre\lib\charsets.jar;C:\Program Files\Java\jdk1.8.0_101\jre\lib\jfr.jar;C:\Program Files\Java\jdk1.8.0_101\jre\classes"/>
    <property name="java.vendor" value="Oracle Corporation"/>
    <property name="maven.home" value="C:\Program Files\Maven"/>
    <property name="file.separator" value="\"/>
    <property name="java.vendor.url.bug" value="http://bugreport.sun.com/bugreport/"/>
    <property name="sun.cpu.endian" value="little"/>
    <property name="sun.io.unicode.encoding" value="UnicodeLittle"/>
    <property name="sun.desktop" value="windows"/>
    <property name="sun.cpu.isalist" value="amd64"/>
  </properties>
  <testcase name="testAdd1 on testAdd1(SimpleFunctionsTest)" classname="SimpleFunctionsTest" time="0.082"/>
  <testcase name="testAdd2 on testAdd2(SimpleFunctionsTest)" classname="SimpleFunctionsTest" time="0.086"/>
  <testcase name="testAdd3 on testAdd3(SimpleFunctionsTest)" classname="SimpleFunctionsTest" time="0"/>
  <testcase name="testDivIntFail on testDivIntFail(SimpleFunctionsTest)" classname="SimpleFunctionsTest" time="0"/>
  <testcase name="testMultiply1 on testMultiply1(SimpleFunctionsTest)" classname="SimpleFunctionsTest" time="0.041"/>
  <testcase name="testMultiply2 on testMultiply2(SimpleFunctionsTest)" classname="SimpleFunctionsTest" time="0.034"/>
  <testcase name="testMultiply3 on testMultiply3(SimpleFunctionsTest)" classname="SimpleFunctionsTest" time="0.001"/>
  <testcase name="testDivIntByZero on testDivIntByZero(SimpleFunctionsTest)" classname="SimpleFunctionsTest" time="0"/>
  <testcase name="testDivRealByZero on testDivRealByZero(SimpleFunctionsTest)" classname="SimpleFunctionsTest" time="0"/>
  <testcase name="testSubtract1 on testSubtract1(SimpleFunctionsTest)" classname="SimpleFunctionsTest" time="0.037"/>
  <testcase name="testSubtract2 on testSubtract2(SimpleFunctionsTest)" classname="SimpleFunctionsTest" time="0.038"/>
  <testcase name="testSubtract3 on testSubtract3(SimpleFunctionsTest)" classname="SimpleFunctionsTest" time="0"/>
  <testcase name="testDivRealPass on testDivRealPass(SimpleFunctionsTest)" classname="SimpleFunctionsTest" time="0.001"/>
  <testcase name="testExp on testExp(AdvanceFunctionsTest)" classname="AdvanceFunctionsTest" time="0.056"/>
  <testcase name="testPow on testPow(AdvanceFunctionsTest)" classname="AdvanceFunctionsTest" time="0.042"/>
  <testcase name="testCos1 on testCos1(AdvanceFunctionsTest)" classname="AdvanceFunctionsTest" time="0.019"/>
  <testcase name="testCos2 on testCos2(AdvanceFunctionsTest)" classname="AdvanceFunctionsTest" time="0.019"/>
  <testcase name="testCos3 on testCos3(AdvanceFunctionsTest)" classname="AdvanceFunctionsTest" time="0.001"/>
  <testcase name="testExp1 on testExp1(AdvanceFunctionsTest)" classname="AdvanceFunctionsTest" time="0.029"/>
  <testcase name="testExp2 on testExp2(AdvanceFunctionsTest)" classname="AdvanceFunctionsTest" time="0"/>
  <testcase name="testLog1 on testLog1(AdvanceFunctionsTest)" classname="AdvanceFunctionsTest" time="0.023"/>
  <testcase name="testLog2 on testLog2(AdvanceFunctionsTest)" classname="AdvanceFunctionsTest" time="0.016"/>
  <testcase name="testLog3 on testLog3(AdvanceFunctionsTest)" classname="AdvanceFunctionsTest" time="0.001"/>
  <testcase name="testPow2 on testPow2(AdvanceFunctionsTest)" classname="AdvanceFunctionsTest" time="0.014"/>
  <testcase name="testPow3 on testPow3(AdvanceFunctionsTest)" classname="AdvanceFunctionsTest" time="0.016"/>
  <testcase name="testSin1 on testSin1(AdvanceFunctionsTest)" classname="AdvanceFunctionsTest" time="0.01"/>
  <testcase name="testSin2 on testSin2(AdvanceFunctionsTest)" classname="AdvanceFunctionsTest" time="0.01"/>
  <testcase name="testSin3 on testSin3(AdvanceFunctionsTest)" classname="AdvanceFunctionsTest" time="0.001"/>
  <testcase name="testTan1 on testTan1(AdvanceFunctionsTest)" classname="AdvanceFunctionsTest" time="0.032"/>
  <testcase name="testTan2 on testTan2(AdvanceFunctionsTest)" classname="AdvanceFunctionsTest" time="0.009"/>
  <testcase name="testTan3 on testTan3(AdvanceFunctionsTest)" classname="AdvanceFunctionsTest" time="0"/>
  <testcase name="testSquareRoot1 on testSquareRoot1(AdvanceFunctionsTest)" classname="AdvanceFunctionsTest" time="0.009"/>
  <testcase name="testSquareRoot2 on testSquareRoot2(AdvanceFunctionsTest)" classname="AdvanceFunctionsTest" time="0.007"/>
  <testcase name="testSquareRoot3 on testSquareRoot3(AdvanceFunctionsTest)" classname="AdvanceFunctionsTest" time="0.001"/>
</testsuite>