<?xml version="1.0" encoding="UTF-8"?>
<!-- Generated by org.testng.reporters.JUnitReportReporter -->
<testsuite hostname="LAPTOP-L4ML7MMC" name="AdvanceFunctionsTest" tests="21" failures="0" timestamp="10 Nov 2016 13:47:04 GMT" time="0.314" errors="0">
  <testcase name="testTan2" time="0.009" classname="AdvanceFunctionsTest"/>
  <testcase name="testLog2" time="0.017" classname="AdvanceFunctionsTest"/>
  <testcase name="testExp" time="0.057" classname="AdvanceFunctionsTest"/>
  <testcase name="testTan3" time="0.001" classname="AdvanceFunctionsTest"/>
  <testcase name="testSquareRoot1" time="0.009" classname="AdvanceFunctionsTest"/>
  <testcase name="testPow3" time="0.017" classname="AdvanceFunctionsTest"/>
  <testcase name="testCos3" time="0.001" classname="AdvanceFunctionsTest"/>
  <testcase name="testSin1" time="0.009" classname="AdvanceFunctionsTest"/>
  <testcase name="testPow" time="0.041" classname="AdvanceFunctionsTest"/>
  <testcase name="testLog3" time="0.001" classname="AdvanceFunctionsTest"/>
  <testcase name="testCos1" time="0.020" classname="AdvanceFunctionsTest"/>
  <testcase name="testSquareRoot3" time="0.001" classname="AdvanceFunctionsTest"/>
  <testcase name="testSin2" time="0.009" classname="AdvanceFunctionsTest"/>
  <testcase name="testSin3" time="0.000" classname="AdvanceFunctionsTest"/>
  <testcase name="testSquareRoot2" time="0.006" classname="AdvanceFunctionsTest"/>
  <testcase name="testExp2" time="0.000" classname="AdvanceFunctionsTest"/>
  <testcase name="testLog1" time="0.024" classname="AdvanceFunctionsTest"/>
  <testcase name="testPow2" time="0.014" classname="AdvanceFunctionsTest"/>
  <testcase name="testExp1" time="0.029" classname="AdvanceFunctionsTest"/>
  <testcase name="testTan1" time="0.031" classname="AdvanceFunctionsTest"/>
  <testcase name="testCos2" time="0.018" classname="AdvanceFunctionsTest"/>
</testsuite> <!-- AdvanceFunctionsTest -->
