<?xml version="1.0" encoding="UTF-8"?>
<!-- Generated by org.testng.reporters.JUnitReportReporter -->
<testsuite hostname="LAPTOP-L4ML7MMC" name="SimpleFunctionsTest" tests="13" failures="0" timestamp="10 Nov 2016 13:47:04 GMT" time="0.320" errors="0">
  <testcase name="testAdd3" time="0.001" classname="SimpleFunctionsTest"/>
  <testcase name="testDivRealPass" time="0.001" classname="SimpleFunctionsTest"/>
  <testcase name="testDivIntFail" time="0.000" classname="SimpleFunctionsTest"/>
  <testcase name="testDivIntByZero" time="0.000" classname="SimpleFunctionsTest"/>
  <testcase name="testAdd2" time="0.081" classname="SimpleFunctionsTest"/>
  <testcase name="testSubtract2" time="0.033" classname="SimpleFunctionsTest"/>
  <testcase name="testSubtract3" time="0.000" classname="SimpleFunctionsTest"/>
  <testcase name="testDivRealByZero" time="0.000" classname="SimpleFunctionsTest"/>
  <testcase name="testMultiply3" time="0.001" classname="SimpleFunctionsTest"/>
  <testcase name="testMultiply2" time="0.033" classname="SimpleFunctionsTest"/>
  <testcase name="testSubtract1" time="0.037" classname="SimpleFunctionsTest"/>
  <testcase name="testMultiply1" time="0.055" classname="SimpleFunctionsTest"/>
  <testcase name="testAdd1" time="0.078" classname="SimpleFunctionsTest"/>
</testsuite> <!-- SimpleFunctionsTest -->
